Построение начато 27.09.2018 15:04:43.
     1>Проект "C:\VSProject\Eiffel_09-27_6-00\repo\Eiffel_compiler-master\flex\flex\flex.vcxproj" в узле 2 (целевые объекты build).
     1>InitializeBuildStatus:
         Создание "Debug\flex.unsuccessfulbuild", так как было задано "AlwaysCreate".
       FlexTarget:
         Process "eiffel.flex" flex file
         cmd.exe /C "C:\Users\Пользователь\AppData\Local\Temp\tmpbefaa56af8aa4b54ac03f829d4634c35.cmd"
         
         start /B /WAIT /D "C:\VSProject\Eiffel_09-27_6-00\repo\Eiffel_compiler-master\flex\flex\" win_flex.exe --outfile="eiffel.flex.c" --wincompat --case-insensitive  "eiffel.flex"
         exit /b %errorlevel%
       ClCompile:
         Для всех выходных данных обновления не требуется.
         C:\Program Files (x86)\Microsoft Visual Studio 10.0\VC\bin\CL.exe /c /ZI /nologo /W3 /WX- /Od /Oy- /D WIN32 /D _DEBUG /D _CONSOLE /D _UNICODE /D UNICODE /Gm /EHsc /RTC1 /MDd /GS /fp:precise /Zc:wchar_t /Zc:forScope /Yu"StdAfx.h" /Fp"Debug\flex.pch" /Fo"Debug\\" /Fd"Debug\vc100.pdb" /Gd /TP /analyze- /errorReport:prompt flex.cpp
         flex.cpp
     1>c:\vsproject\eiffel_09-27_6-00\repo\eiffel_compiler-master\flex\flex\eiffel.flex(46): warning C4996: 'strcat': This function or variable may be unsafe. Consider using strcat_s instead. To disable deprecation, use _CRT_SECURE_NO_WARNINGS. See online help for details.
                 c:\program files (x86)\microsoft visual studio 10.0\vc\include\string.h(110): см. объявление "strcat"
     1>c:\vsproject\eiffel_09-27_6-00\repo\eiffel_compiler-master\flex\flex\eiffel.flex(47): warning C4996: 'strcat': This function or variable may be unsafe. Consider using strcat_s instead. To disable deprecation, use _CRT_SECURE_NO_WARNINGS. See online help for details.
                 c:\program files (x86)\microsoft visual studio 10.0\vc\include\string.h(110): см. объявление "strcat"
     1>c:\vsproject\eiffel_09-27_6-00\repo\eiffel_compiler-master\flex\flex\eiffel.flex(51): warning C4996: 'strcat': This function or variable may be unsafe. Consider using strcat_s instead. To disable deprecation, use _CRT_SECURE_NO_WARNINGS. See online help for details.
                 c:\program files (x86)\microsoft visual studio 10.0\vc\include\string.h(110): см. объявление "strcat"
     1>c:\vsproject\eiffel_09-27_6-00\repo\eiffel_compiler-master\flex\flex\flex.cpp(14): warning C4996: 'freopen': This function or variable may be unsafe. Consider using freopen_s instead. To disable deprecation, use _CRT_SECURE_NO_WARNINGS. See online help for details.
                 c:\program files (x86)\microsoft visual studio 10.0\vc\include\stdio.h(249): см. объявление "freopen"
     1>c:\vsproject\eiffel_09-27_6-00\repo\eiffel_compiler-master\flex\flex\flex.cpp(15): warning C4996: 'fopen': This function or variable may be unsafe. Consider using fopen_s instead. To disable deprecation, use _CRT_SECURE_NO_WARNINGS. See online help for details.
                 c:\program files (x86)\microsoft visual studio 10.0\vc\include\stdio.h(234): см. объявление "fopen"
       ManifestResourceCompile:
         Для всех выходных данных обновления не требуется.
       Link:
         C:\Program Files (x86)\Microsoft Visual Studio 10.0\VC\bin\link.exe /ERRORREPORT:PROMPT /OUT:"C:\VSProject\Eiffel_09-27_6-00\repo\Eiffel_compiler-master\flex\Debug\flex.exe" /INCREMENTAL /NOLOGO kernel32.lib user32.lib gdi32.lib winspool.lib comdlg32.lib advapi32.lib shell32.lib ole32.lib oleaut32.lib uuid.lib odbc32.lib odbccp32.lib /MANIFEST /ManifestFile:"Debug\flex.exe.intermediate.manifest" /MANIFESTUAC:"level='asInvoker' uiAccess='false'" /DEBUG /PDB:"C:\VSProject\Eiffel_09-27_6-00\repo\Eiffel_compiler-master\flex\Debug\flex.pdb" /SUBSYSTEM:CONSOLE /TLBID:1 /DYNAMICBASE /NXCOMPAT /IMPLIB:"C:\VSProject\Eiffel_09-27_6-00\repo\Eiffel_compiler-master\flex\Debug\flex.lib" /MACHINE:X86 Debug\flex.exe.embed.manifest.res
         Debug\flex.obj
         Debug\stdafx.obj
       Manifest:
         C:\Program Files (x86)\Microsoft SDKs\Windows\v7.0A\bin\mt.exe /nologo /verbose /out:"Debug\flex.exe.embed.manifest" /manifest Debug\flex.exe.intermediate.manifest
         Для всех выходных данных обновления не требуется.
       LinkEmbedManifest:
         Для всех выходных данных обновления не требуется.
         flex.vcxproj -> C:\VSProject\Eiffel_09-27_6-00\repo\Eiffel_compiler-master\flex\Debug\flex.exe
       FinalizeBuildStatus:
         Файл "Debug\flex.unsuccessfulbuild" удаляется.
         Обращение к "Debug\flex.lastbuildstate".
     1>Построение проекта "C:\VSProject\Eiffel_09-27_6-00\repo\Eiffel_compiler-master\flex\flex\flex.vcxproj" завершено (целевые объекты build).

Построение успешно завершено.

Затраченное время: 00:00:01.85
